2019-06-02 22:23:55 info: Info of the server Here
2019-06-02 22:23:55 debug: Debugging the server
2019-06-02 22:23:55 error: Error message Here
2019-06-02 22:23:55 info: Server Running on port: 9000
2019-06-02 22:23:57 info: MongoDB Connected
2019-06-02 22:24:10 info: Info of the server Here
2019-06-02 22:24:10 error: Error message Here
2019-06-02 22:24:10 info: Server Running on port: 9000
2019-06-02 22:24:12 info: MongoDB Connected
2019-06-02 22:24:14 info: Info of the server Here
2019-06-02 22:24:14 debug: Debugging the server
2019-06-02 22:24:14 error: Error message Here
2019-06-02 22:24:14 info: Server Running on port: 9000
2019-06-02 22:24:16 info: MongoDB Connected
2019-06-02 22:24:41 info: Info of the server Here
2019-06-02 22:24:41 warn: Warning here
2019-06-02 22:24:41 debug: Debugging the server
2019-06-02 22:24:41 error: Error message Here
2019-06-02 22:24:41 info: Server Running on port: 9000
2019-06-02 22:24:43 info: MongoDB Connected
2019-06-02 22:25:09 error: Error message Here
2019-06-02 22:25:09 warn: Warning here
2019-06-02 22:25:09 info: Info of the server Here
2019-06-02 22:25:09 verbose: Verbose here
2019-06-02 22:25:09 debug: Debugging the server
2019-06-02 22:25:09 info: Server Running on port: 9000
2019-06-02 22:25:11 info: MongoDB Connected
2019-06-02 22:25:25 error: Error message Here
2019-06-02 22:25:25 warn: Warning here
2019-06-02 22:25:25 info: Info of the server Here
2019-06-02 22:25:25 verbose: Verbose here
2019-06-02 22:25:25 debug: Debugging the server
2019-06-02 22:25:25 info: Server Running on port: 9000
2019-06-02 22:25:27 info: MongoDB Connected
02-06-2019 22:33:15 error: Error message Here
02-06-2019 22:33:15 warn: Warning here
02-06-2019 22:33:15 info: Info of the server Here
02-06-2019 22:33:15 verbose: Verbose here
02-06-2019 22:33:15 debug: Debugging the server
02-06-2019 22:33:15 info: Server Running on port: 9000
02-06-2019 22:33:17 info: MongoDB Connected
02-06-2019 22:33:27 error: Error message Here
02-06-2019 22:33:27 warn: Warning here
02-06-2019 22:33:27 info: Info of the server Here
02-06-2019 22:33:27 verbose: Verbose here
02-06-2019 22:33:27 debug: Debugging the server
02-06-2019 22:33:27 info: Server Running on port: 9000
02-06-2019 22:33:29 info: MongoDB Connected
02-06-2019 22:34:14 error: Error message Here
02-06-2019 22:34:14 warn: Warning here
02-06-2019 22:34:14 info: Info of the server Here
02-06-2019 22:34:14 verbose: Verbose here
02-06-2019 22:34:14 debug: Debugging the server
02-06-2019 22:34:14 info: Server Running on port: 9000
02-06-2019 22:34:16 info: MongoDB Connected
