04-06-2019 13:26:43 info: Server Running on port: 9000
04-06-2019 13:26:45 info: MongoDB Connected
04-06-2019 13:29:20 info: Retornarndo todos cards
05-06-2019 01:08:47 info: Server Running on port: 9000
05-06-2019 01:08:48 info: MongoDB Connected
05-06-2019 01:09:59 info: Retornarndo todos cards
05-06-2019 01:10:48 info: Retornando todos usuários
05-06-2019 01:12:03 info: Salvando imagem images/1559697123981-5cf2fde9a872db00113ad61f.jpeg
05-06-2019 01:12:04 info: Salvando card 5cf716e3d72e130011ecaab2
05-06-2019 01:12:08 info: Retornarndo todos cards
05-06-2019 01:13:01 info: Salvando imagem images/1559697181236-5cf2fde9a872db00113ad61f.jpg
05-06-2019 01:13:01 info: Salvando card 5cf7171dd72e130011ecaab3
05-06-2019 01:13:05 info: Retornarndo todos cards
05-06-2019 01:14:14 info: Salvando imagem images/1559697254320-5cf2fde9a872db00113ad61f.jpg
05-06-2019 01:14:14 info: Salvando card 5cf71766d72e130011ecaab4
05-06-2019 01:14:19 info: Retornarndo todos cards
05-06-2019 01:21:09 info: Server Running on port: 9000
05-06-2019 01:21:11 info: MongoDB Connected
05-06-2019 01:21:11 info: Server Running on port: 9000
05-06-2019 01:21:13 info: MongoDB Connected
05-06-2019 01:21:17 info: Server Running on port: 9000
05-06-2019 01:21:19 info: MongoDB Connected
05-06-2019 01:21:20 info: Server Running on port: 9000
05-06-2019 01:21:22 info: MongoDB Connected
05-06-2019 01:24:41 info: Server Running on port: 9000
05-06-2019 01:24:43 info: MongoDB Connected
05-06-2019 01:24:57 info: Retornando todos usuários
05-06-2019 01:25:37 info: Retornando todos usuários
05-06-2019 01:35:47 info: User 5cf71c735aef4b00527687bf cadastrado
05-06-2019 01:42:53 info: Salvando imagem images/1559698973671-5cf71c735aef4b00527687bf.jpg
05-06-2019 01:42:53 info: Salvando card 5cf71e1d5aef4b00527687c0
05-06-2019 01:43:13 info: Retornarndo todos cards
05-06-2019 01:43:50 info: Salvando imagem images/1559699030352-5cf71c735aef4b00527687bf.jpg
05-06-2019 01:43:50 info: Salvando card 5cf71e565aef4b00527687c2
05-06-2019 01:43:55 info: Retornarndo todos cards
05-06-2019 01:44:15 info: Salvando imagem images/1559699055153-5cf71c735aef4b00527687bf.jpg
05-06-2019 01:44:15 info: Salvando card 5cf71e6f5aef4b00527687c3
05-06-2019 01:44:18 info: Retornarndo todos cards
05-06-2019 01:45:35 info: Salvando imagem images/1559699135873-5cf71c735aef4b00527687bf.jpg
05-06-2019 01:45:35 info: Salvando card 5cf71ebf5aef4b00527687c4
05-06-2019 01:45:38 info: Retornarndo todos cards
